-------------------------------------------------------------------------------
Test set: ru.yandex.practicum.filmorate.TestFilm
-------------------------------------------------------------------------------
Tests run: 1, Failures: 0, Errors: 1, Skipped: 0, Time elapsed: 0 s <<< FAILURE! - in ru.yandex.practicum.filmorate.TestFilm
ru.yandex.practicum.filmorate.TestFilm  Time elapsed: 0 s  <<< ERROR!
java.lang.NoClassDefFoundError: ru/yandex/practicum/filmorate/controller/FilmController
Caused by: java.lang.ClassNotFoundException: ru.yandex.practicum.filmorate.controller.FilmController

