<?xml version="1.0" encoding="UTF-8"?>
<testsuite xmlns:xsi="http://www.w3.org/2001/XMLSchema-instance" xsi:noNamespaceSchemaLocation="https://maven.apache.org/surefire/maven-surefire-plugin/xsd/surefire-test-report.xsd" name="ru.yandex.practicum.filmorate.GenreStorageTest" time="1.039" tests="2" errors="0" skipped="0" failures="1">
  <properties>
[...]
</properties>
  <testcase name="shouldGetGenreById" classname="ru.yandex.practicum.filmorate.GenreStorageTest" time="0.533">
    <failure message="&#10;Expecting&#10;  Genre(id=1, name=РљРѕРјРµРґРёСЏ)&#10;to have a property or a field named &quot;name&quot; with value&#10;  &quot;Комедия&quot;&#10;but value was:&#10;  &quot;РљРѕРјРµРґРёСЏ&quot;&#10;(static and synthetic fields are ignored)" type="java.lang.AssertionError">java.lang.AssertionError: 

Expecting
  Genre(id=1, name=РљРѕРјРµРґРёСЏ)
to have a property or a field named "name" with value
  "Комедия"
but value was:
  "РљРѕРјРµРґРёСЏ"
(static and synthetic fields are ignored)
	at ru.yandex.practicum.filmorate.GenreStorageTest.lambda$shouldGetGenreById$1(GenreStorageTest.java:45)
	at ru.yandex.practicum.filmorate.GenreStorageTest.shouldGetGenreById(GenreStorageTest.java:44)
</failure>
    <system-out><![CDATA[2023-07-10 12:03:52.751  INFO 2796 --- [           main] .b.t.c.SpringBootTestContextBootstrapper : Neither @ContextConfiguration nor @ContextHierarchy found for test class [ru.yandex.practicum.filmorate.GenreStorageTest], using SpringBootContextLoader
2023-07-10 12:03:52.752  INFO 2796 --- [           main] o.s.t.c.support.AbstractContextLoader    : Could not detect default resource locations for test class [ru.yandex.practicum.filmorate.GenreStorageTest]: no resource found for suffixes {-context.xml, Context.groovy}.
2023-07-10 12:03:52.752  INFO 2796 --- [           main] t.c.s.AnnotationConfigContextLoaderUtils : Could not detect default configuration classes for test class [ru.yandex.practicum.filmorate.GenreStorageTest]: GenreStorageTest does not declare any static, non-private, non-final, nested classes annotated with @Configuration.
2023-07-10 12:03:52.756  INFO 2796 --- [           main] .b.t.c.SpringBootTestContextBootstrapper : Found @SpringBootConfiguration ru.yandex.practicum.filmorate.FilmorateApplication for test class ru.yandex.practicum.filmorate.GenreStorageTest
2023-07-10 12:03:52.759  INFO 2796 --- [           main] .b.t.c.SpringBootTestContextBootstrapper : Loaded default TestExecutionListener class names from location [META-INF/spring.factories]: [org.springframework.boot.test.mock.mockito.MockitoTestExecutionListener, org.springframework.boot.test.mock.mockito.ResetMocksTestExecutionListener, org.springframework.boot.test.autoconfigure.restdocs.RestDocsTestExecutionListener, org.springframework.boot.test.autoconfigure.web.client.MockRestServiceServerResetTestExecutionListener, org.springframework.boot.test.autoconfigure.web.servlet.MockMvcPrintOnlyOnFailureTestExecutionListener, org.springframework.boot.test.autoconfigure.web.servlet.WebDriverTestExecutionListener, org.springframework.boot.test.autoconfigure.webservices.client.MockWebServiceServerTestExecutionListener, org.springframework.test.context.web.ServletTestExecutionListener, org.springframework.test.context.support.DirtiesContextBeforeModesTestExecutionListener, org.springframework.test.context.event.ApplicationEventsTestExecutionListener, org.springframework.test.context.support.DependencyInjectionTestExecutionListener, org.springframework.test.context.support.DirtiesContextTestExecutionListener, org.springframework.test.context.transaction.TransactionalTestExecutionListener, org.springframework.test.context.jdbc.SqlScriptsTestExecutionListener, org.springframework.test.context.event.EventPublishingTestExecutionListener]
2023-07-10 12:03:52.759  INFO 2796 --- [           main] .b.t.c.SpringBootTestContextBootstrapper : Using TestExecutionListeners: [org.springframework.test.context.web.ServletTestExecutionListener@4a9e6ea7, org.springframework.test.context.support.DirtiesContextBeforeModesTestExecutionListener@6f8af186, org.springframework.test.context.event.ApplicationEventsTestExecutionListener@5aaecd25, org.springframework.boot.test.mock.mockito.MockitoTestExecutionListener@239fdf8f, org.springframework.boot.test.autoconfigure.SpringBootDependencyInjectionTestExecutionListener@1acd660d, org.springframework.test.context.support.DirtiesContextTestExecutionListener@22f3b213, org.springframework.test.context.transaction.TransactionalTestExecutionListener@e18848d, org.springframework.test.context.jdbc.SqlScriptsTestExecutionListener@53a65166, org.springframework.test.context.event.EventPublishingTestExecutionListener@22aaa811, org.springframework.boot.test.mock.mockito.ResetMocksTestExecutionListener@1df6f57d, org.springframework.boot.test.autoconfigure.restdocs.RestDocsTestExecutionListener@578036a2, org.springframework.boot.test.autoconfigure.web.client.MockRestServiceServerResetTestExecutionListener@36cc6055, org.springframework.boot.test.autoconfigure.web.servlet.MockMvcPrintOnlyOnFailureTestExecutionListener@41d1bcbd, org.springframework.boot.test.autoconfigure.web.servlet.WebDriverTestExecutionListener@6ba6f4e7, org.springframework.boot.test.autoconfigure.webservices.client.MockWebServiceServerTestExecutionListener@3d45ea17]
2023-07-10 12:03:52.765  INFO 2796 --- [           main] j.LocalContainerEntityManagerFactoryBean : Closing JPA EntityManagerFactory for persistence unit 'default'
2023-07-10 12:03:52.766  INFO 2796 --- [           main] .SchemaDropperImpl$DelayedDropActionImpl : HHH000477: Starting delayed evictData of schema as part of SessionFactory shut-down'

  .   ____          _            __ _ _
 /\\ / ___'_ __ _ _(_)_ __  __ _ \ \ \ \
( ( )\___ | '_ | '_| | '_ \/ _` | \ \ \ \
 \\/  ___)| |_)| | | | | || (_| |  ) ) ) )
  '  |____| .__|_| |_|_| |_\__, | / / / /
 =========|_|==============|___/=/_/_/_/
 :: Spring Boot ::               (v2.7.10)

2023-07-10 12:03:52.784  INFO 2796 --- [           main] r.y.p.filmorate.GenreStorageTest         : Starting GenreStorageTest using Java 17.0.7 on DESKTOP-KRL4CG1 with PID 2796 (started by Ferz in C:\Users\Ferz\dev\11 спринт\java-filmorate)
2023-07-10 12:03:52.785 DEBUG 2796 --- [           main] r.y.p.filmorate.GenreStorageTest         : Running with Spring Boot v2.7.10, Spring v5.3.26
2023-07-10 12:03:52.785  INFO 2796 --- [           main] r.y.p.filmorate.GenreStorageTest         : No active profile set, falling back to 1 default profile: "default"
2023-07-10 12:03:52.868  INFO 2796 --- [           main] .s.d.r.c.RepositoryConfigurationDelegate : Bootstrapping Spring Data JPA repositories in DEFAULT mode.
2023-07-10 12:03:52.873  INFO 2796 --- [           main] .s.d.r.c.RepositoryConfigurationDelegate : Finished Spring Data repository scanning in 5 ms. Found 0 JPA repository interfaces.
2023-07-10 12:03:52.880  INFO 2796 --- [           main] beddedDataSourceBeanFactoryPostProcessor : Replacing 'dataSource' DataSource bean with embedded version
2023-07-10 12:03:52.918  INFO 2796 --- [           main] o.s.j.d.e.EmbeddedDatabaseFactory        : Starting embedded database: url='jdbc:h2:mem:7965f991-7ec4-4da3-b764-9cfead145ae0;DB_CLOSE_DELAY=-1;DB_CLOSE_ON_EXIT=false', username='sa'
2023-07-10 12:03:52.937  INFO 2796 --- [           main] o.hibernate.jpa.internal.util.LogHelper  : HHH000204: Processing PersistenceUnitInfo [name: default]
2023-07-10 12:03:52.940  INFO 2796 --- [           main] org.hibernate.dialect.Dialect            : HHH000400: Using dialect: org.hibernate.dialect.H2Dialect
2023-07-10 12:03:52.945  INFO 2796 --- [           main] o.h.e.t.j.p.i.JtaPlatformInitiator       : HHH000490: Using JtaPlatform implementation: [org.hibernate.engine.transaction.jta.platform.internal.NoJtaPlatform]
2023-07-10 12:03:52.946  INFO 2796 --- [           main] j.LocalContainerEntityManagerFactoryBean : Initialized JPA EntityManagerFactory for persistence unit 'default'
2023-07-10 12:03:53.063  WARN 2796 --- [           main] JpaBaseConfiguration$JpaWebConfiguration : spring.jpa.open-in-view is enabled by default. Therefore, database queries may be performed during view rendering. Explicitly configure spring.jpa.open-in-view to disable this warning
2023-07-10 12:03:53.114  INFO 2796 --- [           main] o.s.b.a.h2.H2ConsoleAutoConfiguration    : H2 console available at '/h2'. Database available at 'jdbc:h2:mem:7965f991-7ec4-4da3-b764-9cfead145ae0'
2023-07-10 12:03:53.232  INFO 2796 --- [           main] r.y.p.filmorate.GenreStorageTest         : Started GenreStorageTest in 0.464 seconds (JVM running for 16.547)
]]></system-out>
  </testcase>
  <testcase name="shouldGetAllGenres" classname="ru.yandex.practicum.filmorate.GenreStorageTest" time="0.503"/>
</testsuite>